# JRE version: OpenJDK Runtime Environment (7.0_51-b31) (build 1.7.0_51-b31)
# Java VM: OpenJDK 64-Bit Server VM (24.51-b03 mixed mode linux-amd64 compressed oops)
Heap
 PSYoungGen      total 20480K, used 14239K [0x00000000ec680000, 0x00000000edf80000, 0x0000000100000000)
  eden space 15360K, 91% used [0x00000000ec680000,0x00000000ed43bf10,0x00000000ed580000)
  from space 5120K, 3% used [0x00000000ed580000,0x00000000ed5ac010,0x00000000eda80000)
  to   space 5120K, 0% used [0x00000000eda80000,0x00000000eda80000,0x00000000edf80000)
 ParOldGen       total 39936K, used 6710K [0x00000000c5400000, 0x00000000c7b00000, 0x00000000ec680000)
  object space 39936K, 16% used [0x00000000c5400000,0x00000000c5a8da40,0x00000000c7b00000)
 PSPermGen       total 22528K, used 22102K [0x00000000bae00000, 0x00000000bc400000, 0x00000000c5400000)
  object space 22528K, 98% used [0x00000000bae00000,0x00000000bc395900,0x00000000bc400000)
GC Heap History (10 events):
Event: 227.278 GC heap before
{Heap before GC invocations=13 (full 0):
 PSYoungGen      total 20992K, used 15524K [0x00000000ec680000, 0x00000000ee080000, 0x0000000100000000)
  eden space 15360K, 100% used [0x00000000ec680000,0x00000000ed580000,0x00000000ed580000)
  from space 5632K, 2% used [0x00000000edb00000,0x00000000edb29220,0x00000000ee080000)
  to   space 5632K, 0% used [0x00000000ed580000,0x00000000ed580000,0x00000000edb00000)
 ParOldGen       total 39936K, used 6670K [0x00000000c5400000, 0x00000000c7b00000, 0x00000000ec680000)
  object space 39936K, 16% used [0x00000000c5400000,0x00000000c5a83a40,0x00000000c7b00000)
 PSPermGen       total 22528K, used 22075K [0x00000000bae00000, 0x00000000bc400000, 0x00000000c5400000)
  object space 22528K, 97% used [0x00000000bae00000,0x00000000bc38ef08,0x00000000bc400000)
Event: 227.280 GC heap after
Heap after GC invocations=13 (full 0):
 PSYoungGen      total 20992K, used 164K [0x00000000ec680000, 0x00000000ee080000, 0x0000000100000000)
  eden space 15360K, 0% used [0x00000000ec680000,0x00000000ec680000,0x00000000ed580000)
  from space 5632K, 2% used [0x00000000ed580000,0x00000000ed5a9220,0x00000000edb00000)
  to   space 5632K, 0% used [0x00000000edb00000,0x00000000edb00000,0x00000000ee080000)
 ParOldGen       total 39936K, used 6678K [0x00000000c5400000, 0x00000000c7b00000, 0x00000000ec680000)
  object space 39936K, 16% used [0x00000000c5400000,0x00000000c5a85a40,0x00000000c7b00000)
 PSPermGen       total 22528K, used 22075K [0x00000000bae00000, 0x00000000bc400000, 0x00000000c5400000)
  object space 22528K, 97% used [0x00000000bae00000,0x00000000bc38ef08,0x00000000bc400000)
}
Event: 248.303 GC heap before
{Heap before GC invocations=14 (full 0):
 PSYoungGen      total 20992K, used 15524K [0x00000000ec680000, 0x00000000ee080000, 0x0000000100000000)
  eden space 15360K, 100% used [0x00000000ec680000,0x00000000ed580000,0x00000000ed580000)
  from space 5632K, 2% used [0x00000000ed580000,0x00000000ed5a9220,0x00000000edb00000)
  to   space 5632K, 0% used [0x00000000edb00000,0x00000000edb00000,0x00000000ee080000)
 ParOldGen       total 39936K, used 6678K [0x00000000c5400000, 0x00000000c7b00000, 0x00000000ec680000)
  object space 39936K, 16% used [0x00000000c5400000,0x00000000c5a85a40,0x00000000c7b00000)
 PSPermGen       total 22528K, used 22078K [0x00000000bae00000, 0x00000000bc400000, 0x00000000c5400000)
  object space 22528K, 98% used [0x00000000bae00000,0x00000000bc38fba8,0x00000000bc400000)
Event: 248.308 GC heap after
Heap after GC invocations=14 (full 0):
 PSYoungGen      total 20992K, used 164K [0x00000000ec680000, 0x00000000ee080000, 0x0000000100000000)
  eden space 15360K, 0% used [0x00000000ec680000,0x00000000ec680000,0x00000000ed580000)
  from space 5632K, 2% used [0x00000000edb00000,0x00000000edb29220,0x00000000ee080000)
  to   space 5632K, 0% used [0x00000000ed580000,0x00000000ed580000,0x00000000edb00000)
 ParOldGen       total 39936K, used 6686K [0x00000000c5400000, 0x00000000c7b00000, 0x00000000ec680000)
  object space 39936K, 16% used [0x00000000c5400000,0x00000000c5a87a40,0x00000000c7b00000)
 PSPermGen       total 22528K, used 22078K [0x00000000bae00000, 0x00000000bc400000, 0x00000000c5400000)
  object space 22528K, 98% used [0x00000000bae00000,0x00000000bc38fba8,0x00000000bc400000)
}
Event: 269.330 GC heap before
{Heap before GC invocations=15 (full 0):
 PSYoungGen      total 20992K, used 15524K [0x00000000ec680000, 0x00000000ee080000, 0x0000000100000000)
  eden space 15360K, 100% used [0x00000000ec680000,0x00000000ed580000,0x00000000ed580000)
  from space 5632K, 2% used [0x00000000edb00000,0x00000000edb29220,0x00000000ee080000)
  to   space 5632K, 0% used [0x00000000ed580000,0x00000000ed580000,0x00000000edb00000)
 ParOldGen       total 39936K, used 6686K [0x00000000c5400000, 0x00000000c7b00000, 0x00000000ec680000)
  object space 39936K, 16% used [0x00000000c5400000,0x00000000c5a87a40,0x00000000c7b00000)
 PSPermGen       total 22528K, used 22086K [0x00000000bae00000, 0x00000000bc400000, 0x00000000c5400000)
  object space 22528K, 98% used [0x00000000bae00000,0x00000000bc391a00,0x00000000bc400000)
Event: 269.333 GC heap after
Heap after GC invocations=15 (full 0):
 PSYoungGen      total 15872K, used 144K [0x00000000ec680000, 0x00000000edf80000, 0x0000000100000000)
  eden space 15360K, 0% used [0x00000000ec680000,0x00000000ec680000,0x00000000ed580000)
  from space 512K, 28% used [0x00000000ed580000,0x00000000ed5a4010,0x00000000ed600000)
  to   space 5120K, 0% used [0x00000000eda80000,0x00000000eda80000,0x00000000edf80000)
 ParOldGen       total 39936K, used 6694K [0x00000000c5400000, 0x00000000c7b00000, 0x00000000ec680000)
  object space 39936K, 16% used [0x00000000c5400000,0x00000000c5a89a40,0x00000000c7b00000)
 PSPermGen       total 22528K, used 22086K [0x00000000bae00000, 0x00000000bc400000, 0x00000000c5400000)
  object space 22528K, 98% used [0x00000000bae00000,0x00000000bc391a00,0x00000000bc400000)
}
Event: 290.316 GC heap before
{Heap before GC invocations=16 (full 0):
 PSYoungGen      total 15872K, used 15504K [0x00000000ec680000, 0x00000000edf80000, 0x0000000100000000)
  eden space 15360K, 100% used [0x00000000ec680000,0x00000000ed580000,0x00000000ed580000)
  from space 512K, 28% used [0x00000000ed580000,0x00000000ed5a4010,0x00000000ed600000)
  to   space 5120K, 0% used [0x00000000eda80000,0x00000000eda80000,0x00000000edf80000)
 ParOldGen       total 39936K, used 6694K [0x00000000c5400000, 0x00000000c7b00000, 0x00000000ec680000)
  object space 39936K, 16% used [0x00000000c5400000,0x00000000c5a89a40,0x00000000c7b00000)
 PSPermGen       total 22528K, used 22092K [0x00000000bae00000, 0x00000000bc400000, 0x00000000c5400000)
  object space 22528K, 98% used [0x00000000bae00000,0x00000000bc393250,0x00000000bc400000)
Event: 290.317 GC heap after
Heap after GC invocations=16 (full 0):
 PSYoungGen      total 20480K, used 176K [0x00000000ec680000, 0x00000000edf80000, 0x0000000100000000)
  eden space 15360K, 0% used [0x00000000ec680000,0x00000000ec680000,0x00000000ed580000)
  from space 5120K, 3% used [0x00000000eda80000,0x00000000edaac010,0x00000000edf80000)
  to   space 5120K, 0% used [0x00000000ed580000,0x00000000ed580000,0x00000000eda80000)
 ParOldGen       total 39936K, used 6702K [0x00000000c5400000, 0x00000000c7b00000, 0x00000000ec680000)
  object space 39936K, 16% used [0x00000000c5400000,0x00000000c5a8ba40,0x00000000c7b00000)
 PSPermGen       total 22528K, used 22092K [0x00000000bae00000, 0x00000000bc400000, 0x00000000c5400000)
  object space 22528K, 98% used [0x00000000bae00000,0x00000000bc393250,0x00000000bc400000)
}
Event: 311.327 GC heap before
{Heap before GC invocations=17 (full 0):
 PSYoungGen      total 20480K, used 15536K [0x00000000ec680000, 0x00000000edf80000, 0x0000000100000000)
  eden space 15360K, 100% used [0x00000000ec680000,0x00000000ed580000,0x00000000ed580000)
  from space 5120K, 3% used [0x00000000eda80000,0x00000000edaac010,0x00000000edf80000)
  to   space 5120K, 0% used [0x00000000ed580000,0x00000000ed580000,0x00000000eda80000)
 ParOldGen       total 39936K, used 6702K [0x00000000c5400000, 0x00000000c7b00000, 0x00000000ec680000)
  object space 39936K, 16% used [0x00000000c5400000,0x00000000c5a8ba40,0x00000000c7b00000)
 PSPermGen       total 22528K, used 22098K [0x00000000bae00000, 0x00000000bc400000, 0x00000000c5400000)
  object space 22528K, 98% used [0x00000000bae00000,0x00000000bc394998,0x00000000bc400000)
Event: 311.329 GC heap after
Heap after GC invocations=17 (full 0):
 PSYoungGen      total 20480K, used 176K [0x00000000ec680000, 0x00000000edf80000, 0x0000000100000000)
  eden space 15360K, 0% used [0x00000000ec680000,0x00000000ec680000,0x00000000ed580000)
  from space 5120K, 3% used [0x00000000ed580000,0x00000000ed5ac010,0x00000000eda80000)
  to   space 5120K, 0% used [0x00000000eda80000,0x00000000eda80000,0x00000000edf80000)
 ParOldGen       total 39936K, used 6710K [0x00000000c5400000, 0x00000000c7b00000, 0x00000000ec680000)
  object space 39936K, 16% used [0x00000000c5400000,0x00000000c5a8da40,0x00000000c7b00000)
 PSPermGen       total 22528K, used 22098K [0x00000000bae00000, 0x00000000bc400000, 0x00000000c5400000)
  object space 22528K, 98% used [0x00000000bae00000,0x00000000bc394998,0x00000000bc400000)
}

