# JRE version: OpenJDK Runtime Environment (7.0_51-b31) (build 1.7.0_51-b31)
# Java VM: OpenJDK 64-Bit Server VM (24.51-b03 mixed mode linux-amd64 compressed oops)
Heap
 PSYoungGen      total 20480K, used 13137K [0x00000000ec680000, 0x00000000ee000000, 0x0000000100000000)
  eden space 14848K, 87% used [0x00000000ec680000,0x00000000ed3284e8,0x00000000ed500000)
  from space 5632K, 3% used [0x00000000ed500000,0x00000000ed52c010,0x00000000eda80000)
  to   space 5632K, 0% used [0x00000000eda80000,0x00000000eda80000,0x00000000ee000000)
 ParOldGen       total 39936K, used 6457K [0x00000000c5400000, 0x00000000c7b00000, 0x00000000ec680000)
  object space 39936K, 16% used [0x00000000c5400000,0x00000000c5a4e798,0x00000000c7b00000)
 PSPermGen       total 22016K, used 22006K [0x00000000bae00000, 0x00000000bc380000, 0x00000000c5400000)
  object space 22016K, 99% used [0x00000000bae00000,0x00000000bc37dbe0,0x00000000bc380000)
GC Heap History (10 events):
Event: 134.390 GC heap before
{Heap before GC invocations=9 (full 0):
 PSYoungGen      total 19968K, used 15114K [0x00000000ec680000, 0x00000000ee080000, 0x0000000100000000)
  eden space 14848K, 99% used [0x00000000ec680000,0x00000000ed4fe918,0x00000000ed500000)
  from space 5120K, 5% used [0x00000000eda80000,0x00000000edac4010,0x00000000edf80000)
  to   space 5632K, 0% used [0x00000000ed500000,0x00000000ed500000,0x00000000eda80000)
 ParOldGen       total 39936K, used 6337K [0x00000000c5400000, 0x00000000c7b00000, 0x00000000ec680000)
  object space 39936K, 15% used [0x00000000c5400000,0x00000000c5a30788,0x00000000c7b00000)
 PSPermGen       total 22016K, used 21982K [0x00000000bae00000, 0x00000000bc380000, 0x00000000c5400000)
  object space 22016K, 99% used [0x00000000bae00000,0x00000000bc377868,0x00000000bc380000)
Event: 134.394 GC heap after
Heap after GC invocations=9 (full 0):
 PSYoungGen      total 20480K, used 203K [0x00000000ec680000, 0x00000000ee000000, 0x0000000100000000)
  eden space 14848K, 0% used [0x00000000ec680000,0x00000000ec680000,0x00000000ed500000)
  from space 5632K, 3% used [0x00000000ed500000,0x00000000ed532ec8,0x00000000eda80000)
  to   space 5632K, 0% used [0x00000000eda80000,0x00000000eda80000,0x00000000ee000000)
 ParOldGen       total 39936K, used 6393K [0x00000000c5400000, 0x00000000c7b00000, 0x00000000ec680000)
  object space 39936K, 16% used [0x00000000c5400000,0x00000000c5a3e798,0x00000000c7b00000)
 PSPermGen       total 22016K, used 21982K [0x00000000bae00000, 0x00000000bc380000, 0x00000000c5400000)
  object space 22016K, 99% used [0x00000000bae00000,0x00000000bc377868,0x00000000bc380000)
}
Event: 155.271 GC heap before
{Heap before GC invocations=10 (full 0):
 PSYoungGen      total 20480K, used 15051K [0x00000000ec680000, 0x00000000ee000000, 0x0000000100000000)
  eden space 14848K, 100% used [0x00000000ec680000,0x00000000ed500000,0x00000000ed500000)
  from space 5632K, 3% used [0x00000000ed500000,0x00000000ed532ec8,0x00000000eda80000)
  to   space 5632K, 0% used [0x00000000eda80000,0x00000000eda80000,0x00000000ee000000)
 ParOldGen       total 39936K, used 6393K [0x00000000c5400000, 0x00000000c7b00000, 0x00000000ec680000)
  object space 39936K, 16% used [0x00000000c5400000,0x00000000c5a3e798,0x00000000c7b00000)
 PSPermGen       total 22016K, used 21983K [0x00000000bae00000, 0x00000000bc380000, 0x00000000c5400000)
  object space 22016K, 99% used [0x00000000bae00000,0x00000000bc377da8,0x00000000bc380000)
Event: 155.274 GC heap after
Heap after GC invocations=10 (full 0):
 PSYoungGen      total 20480K, used 64K [0x00000000ec680000, 0x00000000ee000000, 0x0000000100000000)
  eden space 14848K, 0% used [0x00000000ec680000,0x00000000ec680000,0x00000000ed500000)
  from space 5632K, 1% used [0x00000000eda80000,0x00000000eda90000,0x00000000ee000000)
  to   space 5632K, 0% used [0x00000000ed500000,0x00000000ed500000,0x00000000eda80000)
 ParOldGen       total 39936K, used 6401K [0x00000000c5400000, 0x00000000c7b00000, 0x00000000ec680000)
  object space 39936K, 16% used [0x00000000c5400000,0x00000000c5a40798,0x00000000c7b00000)
 PSPermGen       total 22016K, used 21983K [0x00000000bae00000, 0x00000000bc380000, 0x00000000c5400000)
  object space 22016K, 99% used [0x00000000bae00000,0x00000000bc377da8,0x00000000bc380000)
}
Event: 175.285 GC heap before
{Heap before GC invocations=11 (full 0):
 PSYoungGen      total 20480K, used 14912K [0x00000000ec680000, 0x00000000ee000000, 0x0000000100000000)
  eden space 14848K, 100% used [0x00000000ec680000,0x00000000ed500000,0x00000000ed500000)
  from space 5632K, 1% used [0x00000000eda80000,0x00000000eda90000,0x00000000ee000000)
  to   space 5632K, 0% used [0x00000000ed500000,0x00000000ed500000,0x00000000eda80000)
 ParOldGen       total 39936K, used 6401K [0x00000000c5400000, 0x00000000c7b00000, 0x00000000ec680000)
  object space 39936K, 16% used [0x00000000c5400000,0x00000000c5a40798,0x00000000c7b00000)
 PSPermGen       total 22016K, used 21989K [0x00000000bae00000, 0x00000000bc380000, 0x00000000c5400000)
  object space 22016K, 99% used [0x00000000bae00000,0x00000000bc3794a0,0x00000000bc380000)
Event: 175.289 GC heap after
Heap after GC invocations=11 (full 0):
 PSYoungGen      total 20480K, used 128K [0x00000000ec680000, 0x00000000ee000000, 0x0000000100000000)
  eden space 14848K, 0% used [0x00000000ec680000,0x00000000ec680000,0x00000000ed500000)
  from space 5632K, 2% used [0x00000000ed500000,0x00000000ed520000,0x00000000eda80000)
  to   space 5632K, 0% used [0x00000000eda80000,0x00000000eda80000,0x00000000ee000000)
 ParOldGen       total 39936K, used 6417K [0x00000000c5400000, 0x00000000c7b00000, 0x00000000ec680000)
  object space 39936K, 16% used [0x00000000c5400000,0x00000000c5a44798,0x00000000c7b00000)
 PSPermGen       total 22016K, used 21989K [0x00000000bae00000, 0x00000000bc380000, 0x00000000c5400000)
  object space 22016K, 99% used [0x00000000bae00000,0x00000000bc3794a0,0x00000000bc380000)
}
Event: 195.291 GC heap before
{Heap before GC invocations=12 (full 0):
 PSYoungGen      total 20480K, used 14976K [0x00000000ec680000, 0x00000000ee000000, 0x0000000100000000)
  eden space 14848K, 100% used [0x00000000ec680000,0x00000000ed500000,0x00000000ed500000)
  from space 5632K, 2% used [0x00000000ed500000,0x00000000ed520000,0x00000000eda80000)
  to   space 5632K, 0% used [0x00000000eda80000,0x00000000eda80000,0x00000000ee000000)
 ParOldGen       total 39936K, used 6417K [0x00000000c5400000, 0x00000000c7b00000, 0x00000000ec680000)
  object space 39936K, 16% used [0x00000000c5400000,0x00000000c5a44798,0x00000000c7b00000)
 PSPermGen       total 22016K, used 21993K [0x00000000bae00000, 0x00000000bc380000, 0x00000000c5400000)
  object space 22016K, 99% used [0x00000000bae00000,0x00000000bc37a760,0x00000000bc380000)
Event: 195.292 GC heap after
Heap after GC invocations=12 (full 0):
 PSYoungGen      total 20480K, used 128K [0x00000000ec680000, 0x00000000ee000000, 0x0000000100000000)
  eden space 14848K, 0% used [0x00000000ec680000,0x00000000ec680000,0x00000000ed500000)
  from space 5632K, 2% used [0x00000000eda80000,0x00000000edaa0000,0x00000000ee000000)
  to   space 5632K, 0% used [0x00000000ed500000,0x00000000ed500000,0x00000000eda80000)
 ParOldGen       total 39936K, used 6441K [0x00000000c5400000, 0x00000000c7b00000, 0x00000000ec680000)
  object space 39936K, 16% used [0x00000000c5400000,0x00000000c5a4a798,0x00000000c7b00000)
 PSPermGen       total 22016K, used 21993K [0x00000000bae00000, 0x00000000bc380000, 0x00000000c5400000)
  object space 22016K, 99% used [0x00000000bae00000,0x00000000bc37a760,0x00000000bc380000)
}
Event: 215.433 GC heap before
{Heap before GC invocations=13 (full 0):
 PSYoungGen      total 20480K, used 14976K [0x00000000ec680000, 0x00000000ee000000, 0x0000000100000000)
  eden space 14848K, 100% used [0x00000000ec680000,0x00000000ed500000,0x00000000ed500000)
  from space 5632K, 2% used [0x00000000eda80000,0x00000000edaa0000,0x00000000ee000000)
  to   space 5632K, 0% used [0x00000000ed500000,0x00000000ed500000,0x00000000eda80000)
 ParOldGen       total 39936K, used 6441K [0x00000000c5400000, 0x00000000c7b00000, 0x00000000ec680000)
  object space 39936K, 16% used [0x00000000c5400000,0x00000000c5a4a798,0x00000000c7b00000)
 PSPermGen       total 22016K, used 22004K [0x00000000bae00000, 0x00000000bc380000, 0x00000000c5400000)
  object space 22016K, 99% used [0x00000000bae00000,0x00000000bc37d070,0x00000000bc380000)
Event: 215.434 GC heap after
Heap after GC invocations=13 (full 0):
 PSYoungGen      total 20480K, used 176K [0x00000000ec680000, 0x00000000ee000000, 0x0000000100000000)
  eden space 14848K, 0% used [0x00000000ec680000,0x00000000ec680000,0x00000000ed500000)
  from space 5632K, 3% used [0x00000000ed500000,0x00000000ed52c010,0x00000000eda80000)
  to   space 5632K, 0% used [0x00000000eda80000,0x00000000eda80000,0x00000000ee000000)
 ParOldGen       total 39936K, used 6457K [0x00000000c5400000, 0x00000000c7b00000, 0x00000000ec680000)
  object space 39936K, 16% used [0x00000000c5400000,0x00000000c5a4e798,0x00000000c7b00000)
 PSPermGen       total 22016K, used 22004K [0x00000000bae00000, 0x00000000bc380000, 0x00000000c5400000)
  object space 22016K, 99% used [0x00000000bae00000,0x00000000bc37d070,0x00000000bc380000)
}

